[     885ms] [INFO] %cDownload the React DevTools for a better development experience: https://reactjs.org/link/react-devtools font-weight:bold @ http://localhost:3000/node_modules/.vite/deps/chunk-PJEEZAML.js?v=458081cc:21550
[    3356ms] [WARNING] [Zod Schema Validation Failure] in collection 'ingredients' for ID 'ing_master_beans_buttertinned': {_errors: Array(0), category: Object} @ http://localhost:3000/src/hooks/useKitchenData.ts:21
[    3357ms] [WARNING] [Zod Schema Validation Failure] in collection 'ingredients' for ID 'ing_master_biscoff_topping': {_errors: Array(0), category: Object} @ http://localhost:3000/src/hooks/useKitchenData.ts:21
[    3357ms] [WARNING] [Zod Schema Validation Failure] in collection 'ingredients' for ID 'ing_master_bottledguiness': {_errors: Array(0), category: Object} @ http://localhost:3000/src/hooks/useKitchenData.ts:21
[    3358ms] [WARNING] [Zod Schema Validation Failure] in collection 'ingredients' for ID 'ing_master_bottlesbrandy': {_errors: Array(0), category: Object} @ http://localhost:3000/src/hooks/useKitchenData.ts:21
[    3358ms] [WARNING] [Zod Schema Validation Failure] in collection 'ingredients' for ID 'ing_master_bottlesrum': {_errors: Array(0), category: Object} @ http://localhost:3000/src/hooks/useKitchenData.ts:21
[    3358ms] [WARNING] [Zod Schema Validation Failure] in collection 'ingredients' for ID 'ing_master_brandy': {_errors: Array(0), category: Object} @ http://localhost:3000/src/hooks/useKitchenData.ts:21
[    3358ms] [WARNING] [Zod Schema Validation Failure] in collection 'ingredients' for ID 'ing_master_bread_crumbs': {_errors: Array(0), category: Object} @ http://localhost:3000/src/hooks/useKitchenData.ts:21
[    3359ms] [WARNING] [Zod Schema Validation Failure] in collection 'ingredients' for ID 'ing_master_champagne': {_errors: Array(0), category: Object, allergens: Object} @ http://localhost:3000/src/hooks/useKitchenData.ts:21
[    3360ms] [WARNING] [Zod Schema Validation Failure] in collection 'ingredients' for ID 'ing_master_chefsessentialstomatoketchup': {_errors: Array(0), category: Object} @ http://localhost:3000/src/hooks/useKitchenData.ts:21
[    3360ms] [WARNING] [Zod Schema Validation Failure] in collection 'ingredients' for ID 'ing_master_chestnuts': {_errors: Array(0), category: Object} @ http://localhost:3000/src/hooks/useKitchenData.ts:21
[    3360ms] [WARNING] [Zod Schema Validation Failure] in collection 'ingredients' for ID 'ing_master_chipolatas': {_errors: Array(0), allergens: Object} @ http://localhost:3000/src/hooks/useKitchenData.ts:21
[    3361ms] [WARNING] [Zod Schema Validation Failure] in collection 'ingredients' for ID 'ing_master_cider': {_errors: Array(0), category: Object} @ http://localhost:3000/src/hooks/useKitchenData.ts:21
[    3361ms] [WARNING] [Zod Schema Validation Failure] in collection 'ingredients' for ID 'ing_master_cinnamon_sticks': {_errors: Array(0), category: Object} @ http://localhost:3000/src/hooks/useKitchenData.ts:21
[    3361ms] [WARNING] [Zod Schema Validation Failure] in collection 'ingredients' for ID 'ing_master_cloves_whole': {_errors: Array(0), category: Object} @ http://localhost:3000/src/hooks/useKitchenData.ts:21
[    3362ms] [WARNING] [Zod Schema Validation Failure] in collection 'ingredients' for ID 'ing_master_cucumber': {_errors: Array(0), allergens: Object} @ http://localhost:3000/src/hooks/useKitchenData.ts:21
[    3362ms] [WARNING] [Zod Schema Validation Failure] in collection 'ingredients' for ID 'ing_master_egg_whites': {_errors: Array(0), category: Object} @ http://localhost:3000/src/hooks/useKitchenData.ts:21
[    3362ms] [WARNING] [Zod Schema Validation Failure] in collection 'ingredients' for ID 'ing_master_egg_whole': {_errors: Array(0), category: Object} @ http://localhost:3000/src/hooks/useKitchenData.ts:21
[    3362ms] [WARNING] [Zod Schema Validation Failure] in collection 'ingredients' for ID 'ing_master_egg_yolks': {_errors: Array(0), category: Object} @ http://localhost:3000/src/hooks/useKitchenData.ts:21
[    3363ms] [WARNING] [Zod Schema Validation Failure] in collection 'ingredients' for ID 'ing_master_everydayfavouritesgarammasala': {_errors: Array(0), category: Object} @ http://localhost:3000/src/hooks/useKitchenData.ts:21
[    3363ms] [WARNING] [Zod Schema Validation Failure] in collection 'ingredients' for ID 'ing_master_everydayfavouritesmediumdesiccatedcoconut': {_errors: Array(0), category: Object} @ http://localhost:3000/src/hooks/useKitchenData.ts:21
[    3363ms] [WARNING] [Zod Schema Validation Failure] in collection 'ingredients' for ID 'ing_master_evfavgoldenbreadcrumbs': {_errors: Array(0), category: Object} @ http://localhost:3000/src/hooks/useKitchenData.ts:21
[    3363ms] [WARNING] [Zod Schema Validation Failure] in collection 'ingredients' for ID 'ing_master_flakedalmonds': {_errors: Array(0), category: Object} @ http://localhost:3000/src/hooks/useKitchenData.ts:21
[    3364ms] [WARNING] [Zod Schema Validation Failure] in collection 'ingredients' for ID 'ing_master_flour_wholemealbread': {_errors: Array(0), category: Object} @ http://localhost:3000/src/hooks/useKitchenData.ts:21
[    3364ms] [WARNING] [Zod Schema Validation Failure] in collection 'ingredients' for ID 'ing_master_guinness': {_errors: Array(0), category: Object} @ http://localhost:3000/src/hooks/useKitchenData.ts:21
[    3364ms] [WARNING] [Zod Schema Validation Failure] in collection 'ingredients' for ID 'ing_master_haricotbeans_tinned': {_errors: Array(0), category: Object} @ http://localhost:3000/src/hooks/useKitchenData.ts:21
[    3365ms] [WARNING] [Zod Schema Validation Failure] in collection 'ingredients' for ID 'ing_master_hazelnutsprepacked': {_errors: Array(0), category: Object} @ http://localhost:3000/src/hooks/useKitchenData.ts:21
[    3365ms] [WARNING] [Zod Schema Validation Failure] in collection 'ingredients' for ID 'ing_master_ketchup': {_errors: Array(0), category: Object} @ http://localhost:3000/src/hooks/useKitchenData.ts:21
[    3365ms] [WARNING] [Zod Schema Validation Failure] in collection 'ingredients' for ID 'ing_master_lilliputcapers': {_errors: Array(0), category: Object} @ http://localhost:3000/src/hooks/useKitchenData.ts:21
[    3366ms] [WARNING] [Zod Schema Validation Failure] in collection 'ingredients' for ID 'ing_master_localbeer': {_errors: Array(0), category: Object} @ http://localhost:3000/src/hooks/useKitchenData.ts:21
[    3366ms] [WARNING] [Zod Schema Validation Failure] in collection 'ingredients' for ID 'ing_master_mace': {_errors: Array(0), category: Object} @ http://localhost:3000/src/hooks/useKitchenData.ts:21
[    3366ms] [WARNING] [Zod Schema Validation Failure] in collection 'ingredients' for ID 'ing_master_mackeral': {_errors: Array(0), kcalPer100: Object} @ http://localhost:3000/src/hooks/useKitchenData.ts:21
[    3366ms] [WARNING] [Zod Schema Validation Failure] in collection 'ingredients' for ID 'ing_master_maderia': {_errors: Array(0), category: Object} @ http://localhost:3000/src/hooks/useKitchenData.ts:21
[    3367ms] [WARNING] [Zod Schema Validation Failure] in collection 'ingredients' for ID 'ing_master_mayonaise': {_errors: Array(0), category: Object} @ http://localhost:3000/src/hooks/useKitchenData.ts:21
[    3367ms] [WARNING] [Zod Schema Validation Failure] in collection 'ingredients' for ID 'ing_master_mayonnaise_veganhellmanns': {_errors: Array(0), category: Object} @ http://localhost:3000/src/hooks/useKitchenData.ts:21
[    3367ms] [WARNING] [Zod Schema Validation Failure] in collection 'ingredients' for ID 'ing_master_mixedspice': {_errors: Array(0), category: Object} @ http://localhost:3000/src/hooks/useKitchenData.ts:21
[    3368ms] [WARNING] [Zod Schema Validation Failure] in collection 'ingredients' for ID 'ing_master_mushrooms_chestnut': {_errors: Array(0), category: Object} @ http://localhost:3000/src/hooks/useKitchenData.ts:21
[    3368ms] [WARNING] [Zod Schema Validation Failure] in collection 'ingredients' for ID 'ing_master_mustard_dijon': {_errors: Array(0), category: Object} @ http://localhost:3000/src/hooks/useKitchenData.ts:21
[    3368ms] [WARNING] [Zod Schema Validation Failure] in collection 'ingredients' for ID 'ing_master_mustard_english': {_errors: Array(0), category: Object} @ http://localhost:3000/src/hooks/useKitchenData.ts:21
[    3368ms] [WARNING] [Zod Schema Validation Failure] in collection 'ingredients' for ID 'ing_master_nutmeg_whole': {_errors: Array(0), category: Object} @ http://localhost:3000/src/hooks/useKitchenData.ts:21
[    3368ms] [WARNING] [Zod Schema Validation Failure] in collection 'ingredients' for ID 'ing_master_nuts_cashew': {_errors: Array(0), category: Object} @ http://localhost:3000/src/hooks/useKitchenData.ts:21
[    3369ms] [WARNING] [Zod Schema Validation Failure] in collection 'ingredients' for ID 'ing_master_nuts_pecan': {_errors: Array(0), category: Object} @ http://localhost:3000/src/hooks/useKitchenData.ts:21
[    3369ms] [WARNING] [Zod Schema Validation Failure] in collection 'ingredients' for ID 'ing_master_nuts_pine': {_errors: Array(0), category: Object} @ http://localhost:3000/src/hooks/useKitchenData.ts:21
[    3369ms] [WARNING] [Zod Schema Validation Failure] in collection 'ingredients' for ID 'ing_master_nuts_pistacio': {_errors: Array(0), category: Object} @ http://localhost:3000/src/hooks/useKitchenData.ts:21
[    3369ms] [WARNING] [Zod Schema Validation Failure] in collection 'ingredients' for ID 'ing_master_oil_coconut': {_errors: Array(0), category: Object} @ http://localhost:3000/src/hooks/useKitchenData.ts:21
[    3369ms] [WARNING] [Zod Schema Validation Failure] in collection 'ingredients' for ID 'ing_master_oil_pommace': {_errors: Array(0), category: Object} @ http://localhost:3000/src/hooks/useKitchenData.ts:21
[    3369ms] [WARNING] [Zod Schema Validation Failure] in collection 'ingredients' for ID 'ing_master_oil_rapeseedkentcoldpressed': {_errors: Array(0), category: Object} @ http://localhost:3000/src/hooks/useKitchenData.ts:21
[    3370ms] [WARNING] [Zod Schema Validation Failure] in collection 'ingredients' for ID 'ing_master_oil_toastedsesame': {_errors: Array(0), category: Object} @ http://localhost:3000/src/hooks/useKitchenData.ts:21
[    3370ms] [WARNING] [Zod Schema Validation Failure] in collection 'ingredients' for ID 'ing_master_oil_truffle': {_errors: Array(0), category: Object} @ http://localhost:3000/src/hooks/useKitchenData.ts:21
[    3370ms] [WARNING] [Zod Schema Validation Failure] in collection 'ingredients' for ID 'ing_master_oil_veg': {_errors: Array(0), category: Object} @ http://localhost:3000/src/hooks/useKitchenData.ts:21
[    3370ms] [WARNING] [Zod Schema Validation Failure] in collection 'ingredients' for ID 'ing_master_olives_green': {_errors: Array(0), category: Object} @ http://localhost:3000/src/hooks/useKitchenData.ts:21
[    3371ms] [WARNING] [Zod Schema Validation Failure] in collection 'ingredients' for ID 'ing_master_paprika_ground': {_errors: Array(0), category: Object} @ http://localhost:3000/src/hooks/useKitchenData.ts:21
[    3371ms] [WARNING] [Zod Schema Validation Failure] in collection 'ingredients' for ID 'ing_master_paprika_smoked': {_errors: Array(0), category: Object} @ http://localhost:3000/src/hooks/useKitchenData.ts:21
[    3372ms] [WARNING] [Zod Schema Validation Failure] in collection 'ingredients' for ID 'ing_master_peanuts_blanchedbox': {_errors: Array(0), category: Object} @ http://localhost:3000/src/hooks/useKitchenData.ts:21
[    3372ms] [WARNING] [Zod Schema Validation Failure] in collection 'ingredients' for ID 'ing_master_pepper_cayenne': {_errors: Array(0), category: Object} @ http://localhost:3000/src/hooks/useKitchenData.ts:21
[    3373ms] [WARNING] [Zod Schema Validation Failure] in collection 'ingredients' for ID 'ing_master_peppercorns_green': {_errors: Array(0), category: Object} @ http://localhost:3000/src/hooks/useKitchenData.ts:21
[    3373ms] [WARNING] [Zod Schema Validation Failure] in collection 'ingredients' for ID 'ing_master_pernod': {_errors: Array(0), category: Object} @ http://localhost:3000/src/hooks/useKitchenData.ts:21
[    3373ms] [WARNING] [Zod Schema Validation Failure] in collection 'ingredients' for ID 'ing_master_puffpastry': {_errors: Array(0), category: Object} @ http://localhost:3000/src/hooks/useKitchenData.ts:21
[    3374ms] [WARNING] [Zod Schema Validation Failure] in collection 'ingredients' for ID 'ing_master_rum': {_errors: Array(0), category: Object} @ http://localhost:3000/src/hooks/useKitchenData.ts:21
[    3374ms] [WARNING] [Zod Schema Validation Failure] in collection 'ingredients' for ID 'ing_master_saffron_purespanish': {_errors: Array(0), category: Object} @ http://localhost:3000/src/hooks/useKitchenData.ts:21
[    3375ms] [WARNING] [Zod Schema Validation Failure] in collection 'ingredients' for ID 'ing_master_sauce_apple': {_errors: Array(0), category: Object} @ http://localhost:3000/src/hooks/useKitchenData.ts:21
[    3375ms] [WARNING] [Zod Schema Validation Failure] in collection 'ingredients' for ID 'ing_master_sauce_bbq': {_errors: Array(0), category: Object} @ http://localhost:3000/src/hooks/useKitchenData.ts:21
[    3375ms] [WARNING] [Zod Schema Validation Failure] in collection 'ingredients' for ID 'ing_master_sauce_brown': {_errors: Array(0), category: Object} @ http://localhost:3000/src/hooks/useKitchenData.ts:21
[    3375ms] [WARNING] [Zod Schema Validation Failure] in collection 'ingredients' for ID 'ing_master_sauce_cranberry': {_errors: Array(0), category: Object} @ http://localhost:3000/src/hooks/useKitchenData.ts:21
[    3375ms] [WARNING] [Zod Schema Validation Failure] in collection 'ingredients' for ID 'ing_master_sauce_hoisin': {_errors: Array(0), category: Object} @ http://localhost:3000/src/hooks/useKitchenData.ts:21
[    3375ms] [WARNING] [Zod Schema Validation Failure] in collection 'ingredients' for ID 'ing_master_sauce_horseradish': {_errors: Array(0), category: Object} @ http://localhost:3000/src/hooks/useKitchenData.ts:21
[    3375ms] [WARNING] [Zod Schema Validation Failure] in collection 'ingredients' for ID 'ing_master_sauce_leaandperrins': {_errors: Array(0), category: Object} @ http://localhost:3000/src/hooks/useKitchenData.ts:21
[    3376ms] [WARNING] [Zod Schema Validation Failure] in collection 'ingredients' for ID 'ing_master_sauce_mint': {_errors: Array(0), category: Object} @ http://localhost:3000/src/hooks/useKitchenData.ts:21
[    3376ms] [WARNING] [Zod Schema Validation Failure] in collection 'ingredients' for ID 'ing_master_sauce_soy': {_errors: Array(0), category: Object} @ http://localhost:3000/src/hooks/useKitchenData.ts:21
[    3376ms] [WARNING] [Zod Schema Validation Failure] in collection 'ingredients' for ID 'ing_master_sauce_sweetchilli': {_errors: Array(0), category: Object} @ http://localhost:3000/src/hooks/useKitchenData.ts:21
[    3376ms] [WARNING] [Zod Schema Validation Failure] in collection 'ingredients' for ID 'ing_master_sauce_worcestershire': {_errors: Array(0), category: Object} @ http://localhost:3000/src/hooks/useKitchenData.ts:21
[    3376ms] [WARNING] [Zod Schema Validation Failure] in collection 'ingredients' for ID 'ing_master_sherry': {_errors: Array(0), category: Object} @ http://localhost:3000/src/hooks/useKitchenData.ts:21
[    3377ms] [WARNING] [Zod Schema Validation Failure] in collection 'ingredients' for ID 'ing_master_sherryvinegar': {_errors: Array(0), category: Object} @ http://localhost:3000/src/hooks/useKitchenData.ts:21
[    3377ms] [WARNING] [Zod Schema Validation Failure] in collection 'ingredients' for ID 'ing_master_spice_cajun': {_errors: Array(0), category: Object} @ http://localhost:3000/src/hooks/useKitchenData.ts:21
[    3377ms] [WARNING] [Zod Schema Validation Failure] in collection 'ingredients' for ID 'ing_master_staranise_whole': {_errors: Array(0), category: Object} @ http://localhost:3000/src/hooks/useKitchenData.ts:21
[    3377ms] [WARNING] [Zod Schema Validation Failure] in collection 'ingredients' for ID 'ing_master_tabascopeppersauceglass': {_errors: Array(0), category: Object} @ http://localhost:3000/src/hooks/useKitchenData.ts:21
[    3378ms] [WARNING] [Zod Schema Validation Failure] in collection 'ingredients' for ID 'ing_master_tomato_chutney': {_errors: Array(0), category: Object} @ http://localhost:3000/src/hooks/useKitchenData.ts:21
[    3378ms] [WARNING] [Zod Schema Validation Failure] in collection 'ingredients' for ID 'ing_master_tomatoes_choppedtinned': {_errors: Array(0), category: Object} @ http://localhost:3000/src/hooks/useKitchenData.ts:21
[    3378ms] [WARNING] [Zod Schema Validation Failure] in collection 'ingredients' for ID 'ing_master_tortillawraps': {_errors: Array(0), category: Object} @ http://localhost:3000/src/hooks/useKitchenData.ts:21
[    3379ms] [WARNING] [Zod Schema Validation Failure] in collection 'ingredients' for ID 'ing_master_vinegar_balsamic': {_errors: Array(0), category: Object} @ http://localhost:3000/src/hooks/useKitchenData.ts:21
[    3379ms] [WARNING] [Zod Schema Validation Failure] in collection 'ingredients' for ID 'ing_master_vinegar_cider': {_errors: Array(0), category: Object} @ http://localhost:3000/src/hooks/useKitchenData.ts:21
[    3379ms] [WARNING] [Zod Schema Validation Failure] in collection 'ingredients' for ID 'ing_master_vinegar_destilled': {_errors: Array(0), category: Object} @ http://localhost:3000/src/hooks/useKitchenData.ts:21
[    3379ms] [WARNING] [Zod Schema Validation Failure] in collection 'ingredients' for ID 'ing_master_vinegar_malt': {_errors: Array(0), category: Object} @ http://localhost:3000/src/hooks/useKitchenData.ts:21
[    3379ms] [WARNING] [Zod Schema Validation Failure] in collection 'ingredients' for ID 'ing_master_vinegar_redwine': {_errors: Array(0), category: Object} @ http://localhost:3000/src/hooks/useKitchenData.ts:21
[    3379ms] [WARNING] [Zod Schema Validation Failure] in collection 'ingredients' for ID 'ing_master_vinegar_whitewine': {_errors: Array(0), category: Object} @ http://localhost:3000/src/hooks/useKitchenData.ts:21
[    3380ms] [WARNING] [Zod Schema Validation Failure] in collection 'ingredients' for ID 'ing_master_water_tap': {_errors: Array(0), allergens: Object} @ http://localhost:3000/src/hooks/useKitchenData.ts:21
[    3380ms] [WARNING] [Zod Schema Validation Failure] in collection 'ingredients' for ID 'ing_master_whitepeppercorns': {_errors: Array(0), category: Object} @ http://localhost:3000/src/hooks/useKitchenData.ts:21
[    3380ms] [WARNING] [Zod Schema Validation Failure] in collection 'ingredients' for ID 'ing_master_whiterum': {_errors: Array(0), category: Object} @ http://localhost:3000/src/hooks/useKitchenData.ts:21
[    3380ms] [WARNING] [Zod Schema Validation Failure] in collection 'ingredients' for ID 'ing_master_wholegrainmustard': {_errors: Array(0), category: Object} @ http://localhost:3000/src/hooks/useKitchenData.ts:21
[    3399ms] [WARNING] [Zod Schema Validation Failure] in collection 'dishes' for ID '6yWbRDSnWURydXU4v19I': {_errors: Array(0), items: Object} @ http://localhost:3000/src/hooks/useKitchenData.ts:21
[    3400ms] [WARNING] [Zod Schema Validation Failure] in collection 'dishes' for ID 'TX4Vbx1l2hqk47OsAljv': {_errors: Array(0), items: Object} @ http://localhost:3000/src/hooks/useKitchenData.ts:21
[    3400ms] [WARNING] [Zod Schema Validation Failure] in collection 'dishes' for ID 'Vfocta5hmy52QodRtKwa': {_errors: Array(0), items: Object} @ http://localhost:3000/src/hooks/useKitchenData.ts:21
[    3400ms] [WARNING] [Zod Schema Validation Failure] in collection 'dishes' for ID 'pGgozY5QH1IuBxL2MV8u': {_errors: Array(0), items: Object} @ http://localhost:3000/src/hooks/useKitchenData.ts:21
[    3401ms] [WARNING] [Zod Schema Validation Failure] in collection 'dishes' for ID 'zfe6VsgeSORuDVFAVeGd': {_errors: Array(0), items: Object} @ http://localhost:3000/src/hooks/useKitchenData.ts:21
